<?xml version="1.0" encoding="UTF-8"?>
<!-- Generated by org.testng.reporters.JUnitReportReporter -->
<testsuite hostname="Karan-Pc" failures="0" tests="12" name="functionalTestCases.HomePageTests" time="0.866" errors="0" timestamp="15 Oct 2019 04:37:00 GMT" skipped="0">
  <testcase classname="functionalTestCases.HomePageTests" name="testContentForJobs" time="0.021"/>
  <testcase classname="functionalTestCases.HomePageTests" name="testHeader" time="0.032"/>
  <testcase classname="functionalTestCases.HomePageTests" name="testContentForJobs" time="0.199"/>
  <testcase classname="functionalTestCases.HomePageTests" name="testContentForJobs" time="0.206"/>
  <testcase classname="functionalTestCases.HomePageTests" name="testLogoURL" time="0.041"/>
  <testcase classname="functionalTestCases.HomePageTests" name="testHeader" time="0.020"/>
  <testcase classname="functionalTestCases.HomePageTests" name="testContentForJobs" time="0.030"/>
  <testcase classname="functionalTestCases.HomePageTests" name="testHeader" time="0.021"/>
  <testcase classname="functionalTestCases.HomePageTests" name="testHeader" time="0.018"/>
  <testcase classname="functionalTestCases.HomePageTests" name="testHeader" time="0.021"/>
  <testcase classname="functionalTestCases.HomePageTests" name="checkHeaderTabCount" time="0.061"/>
  <testcase classname="functionalTestCases.HomePageTests" name="testContentForJobs" time="0.196"/>
</testsuite> <!-- functionalTestCases.HomePageTests -->
